<?xml version="1.0" encoding="UTF-8"?>
<!-- Generated by org.testng.reporters.JUnitXMLReporter -->
<testsuite ignored="4" hostname="Prakriti-Sharma.local" failures="0" tests="3" name="Test" time="138.946" errors="0" timestamp="2022-08-10T02:07:46 IST">
  <testcase classname="com.qa.testcases.Test001" name="method1" time="61.861"/>
  <testcase classname="com.qa.testcases.Test002" name="method2" time="61.374"/>
  <testcase classname="com.qa.testcases.Test003" name="method3" time="15.674"/>
  <testcase classname="com.qa.baseclass.PageClass" name="@BeforeSuite start" time="0.0">
    <ignored/>
  </testcase> <!-- @BeforeSuite start -->
  <testcase classname="com.qa.baseclass.PageClass" name="@BeforeSuite start" time="0.0">
    <ignored/>
  </testcase> <!-- @BeforeSuite start -->
  <testcase classname="com.qa.baseclass.PageClass" name="@AfterSuite end" time="0.0">
    <ignored/>
  </testcase> <!-- @AfterSuite end -->
  <testcase classname="com.qa.baseclass.PageClass" name="@AfterSuite end" time="0.0">
    <ignored/>
  </testcase> <!-- @AfterSuite end -->
</testsuite> <!-- Test -->
