<?xml version="1.0" encoding="UTF-8"?>
<testng-results ignored="4" total="7" passed="3" failed="0" skipped="0">
  <reporter-output>
  </reporter-output>
  <suite started-at="2022-08-10T02:05:27 IST" name="Suite" finished-at="2022-08-10T02:07:46 IST" duration-ms="138946">
    <groups>
    </groups>
    <test started-at="2022-08-10T02:05:27 IST" name="Test" finished-at="2022-08-10T02:07:46 IST" duration-ms="138946">
      <class name="com.qa.testcases.Test002">
        <test-method signature="method2()[pri:2, instance:com.qa.testcases.Test002@1b410b60]" started-at="2022-08-10T02:06:29 IST" name="method2" finished-at="2022-08-10T02:07:30 IST" duration-ms="61374" status="PASS">
          <reporter-output>
          </reporter-output>
        </test-method> <!-- method2 -->
      </class> <!-- com.qa.testcases.Test002 -->
      <class name="com.qa.testcases.Test003">
        <test-method signature="method3()[pri:3, instance:com.qa.testcases.Test003@2462cb01]" started-at="2022-08-10T02:07:30 IST" name="method3" finished-at="2022-08-10T02:07:46 IST" duration-ms="15674" status="PASS">
          <reporter-output>
          </reporter-output>
        </test-method> <!-- method3 -->
      </class> <!-- com.qa.testcases.Test003 -->
      <class name="com.qa.testcases.Test001">
        <test-method is-config="true" signature="start()[pri:0, instance:com.qa.testcases.Test001@7905a0b8]" started-at="2022-08-10T02:05:23 IST" name="start" finished-at="2022-08-10T02:05:27 IST" duration-ms="4312" status="PASS">
          <reporter-output>
          </reporter-output>
        </test-method> <!-- start -->
        <test-method signature="method1()[pri:1, instance:com.qa.testcases.Test001@7905a0b8]" started-at="2022-08-10T02:05:27 IST" name="method1" finished-at="2022-08-10T02:06:29 IST" duration-ms="61861" status="PASS">
          <reporter-output>
          </reporter-output>
        </test-method> <!-- method1 -->
        <test-method is-config="true" signature="end()[pri:0, instance:com.qa.testcases.Test001@7905a0b8]" started-at="2022-08-10T02:07:46 IST" name="end" finished-at="2022-08-10T02:07:47 IST" duration-ms="517" status="PASS">
          <reporter-output>
          </reporter-output>
        </test-method> <!-- end -->
      </class> <!-- com.qa.testcases.Test001 -->
    </test> <!-- Test -->
  </suite> <!-- Suite -->
</testng-results>
